[I 08:57:44.388 LabApp] JupyterLab extension loaded from /home/qnkhuat/miniconda3/lib/python3.7/site-packages/jupyterlab
[I 08:57:44.388 LabApp] JupyterLab application directory is /home/qnkhuat/miniconda3/share/jupyter/lab
[W 08:57:44.389 LabApp] Error loading server extension jupyterlab_git
    Traceback (most recent call last):
      File "/home/qnkhuat/miniconda3/lib/python3.7/site-packages/notebook/notebookapp.py", line 1572, in init_server_extensions
        mod = importlib.import_module(modulename)
      File "/home/qnkhuat/miniconda3/lib/python3.7/importlib/__init__.py", line 127, in import_module
        return _bootstrap._gcd_import(name[level:], package, level)
      File "<frozen importlib._bootstrap>", line 1006, in _gcd_import
      File "<frozen importlib._bootstrap>", line 983, in _find_and_load
      File "<frozen importlib._bootstrap>", line 965, in _find_and_load_unlocked
    ModuleNotFoundError: No module named 'jupyterlab_git'
[W 08:57:44.394 LabApp] JupyterLab server extension not enabled, manually loading...
[I 08:57:44.395 LabApp] JupyterLab extension loaded from /home/qnkhuat/miniconda3/lib/python3.7/site-packages/jupyterlab
[I 08:57:44.396 LabApp] JupyterLab application directory is /home/qnkhuat/miniconda3/share/jupyter/lab
[I 08:57:44.396 LabApp] Serving notebooks from local directory: /home/qnkhuat/AI/vision/emotion_retrain
[I 08:57:44.396 LabApp] The Jupyter Notebook is running at:
[I 08:57:44.396 LabApp] http://localhost:8888/?token=77a1f64b46dbffba80c1fc18b1e6f6bf50bf1185b3f386ab
[I 08:57:44.396 LabApp] Use Control-C to stop this server and shut down all kernels (twice to skip confirmation).
[W 08:57:44.400 LabApp] No web browser found: could not locate runnable browser.
[C 08:57:44.400 LabApp] 
    
    To access the notebook, open this file in a browser:
        file:///run/user/1001/jupyter/nbserver-11013-open.html
    Or copy and paste one of these URLs:
        http://localhost:8888/?token=77a1f64b46dbffba80c1fc18b1e6f6bf50bf1185b3f386ab
[W 08:57:50.117 LabApp] 404 GET /api/kernels/64283d5b-3a0d-411a-aeea-b8e9afe081d7/channels?session_id=8b9e8b4f-9a58-441c-91b0-e3830873e4a2&token=52432f820acd1550e005cccac8ea9a49a229806e461eb8d4 (127.0.0.1): Kernel does not exist: 64283d5b-3a0d-411a-aeea-b8e9afe081d7
[W 08:57:50.162 LabApp] 404 GET /api/kernels/64283d5b-3a0d-411a-aeea-b8e9afe081d7/channels?session_id=8b9e8b4f-9a58-441c-91b0-e3830873e4a2&token=52432f820acd1550e005cccac8ea9a49a229806e461eb8d4 (127.0.0.1) 51.03ms referer=None
[W 08:57:50.164 LabApp] 404 GET /api/kernels/488bf029-1b61-4d42-ab6f-c65453d613a0/channels?session_id=322d2a26-c146-4575-ab62-771843f2c027&token=52432f820acd1550e005cccac8ea9a49a229806e461eb8d4 (127.0.0.1): Kernel does not exist: 488bf029-1b61-4d42-ab6f-c65453d613a0
[W 08:57:50.164 LabApp] 404 GET /api/kernels/488bf029-1b61-4d42-ab6f-c65453d613a0/channels?session_id=322d2a26-c146-4575-ab62-771843f2c027&token=52432f820acd1550e005cccac8ea9a49a229806e461eb8d4 (127.0.0.1) 2.09ms referer=None
[I 08:58:03.208 LabApp] JupyterLab extension loaded from /home/qnkhuat/miniconda3/envs/dev/lib/python3.6/site-packages/jupyterlab
[I 08:58:03.208 LabApp] JupyterLab application directory is /home/qnkhuat/miniconda3/envs/dev/share/jupyter/lab
[W 08:58:03.212 LabApp] JupyterLab server extension not enabled, manually loading...
[I 08:58:03.222 LabApp] JupyterLab extension loaded from /home/qnkhuat/miniconda3/envs/dev/lib/python3.6/site-packages/jupyterlab
[I 08:58:03.222 LabApp] JupyterLab application directory is /home/qnkhuat/miniconda3/envs/dev/share/jupyter/lab
[I 08:58:03.223 LabApp] Serving notebooks from local directory: /home/qnkhuat/AI/vision/emotion_retrain
[I 08:58:03.223 LabApp] The Jupyter Notebook is running at:
[I 08:58:03.223 LabApp] http://localhost:8888/?token=9692bf334059d605c875cca10f03ba2c979ceff2b3f4bff3
[I 08:58:03.223 LabApp] Use Control-C to stop this server and shut down all kernels (twice to skip confirmation).
[W 08:58:03.226 LabApp] No web browser found: could not locate runnable browser.
[C 08:58:03.227 LabApp] 
    
    To access the notebook, open this file in a browser:
        file:///run/user/1001/jupyter/nbserver-11030-open.html
    Or copy and paste one of these URLs:
        http://localhost:8888/?token=9692bf334059d605c875cca10f03ba2c979ceff2b3f4bff3
[W 08:58:06.524 LabApp] 404 GET /api/kernels/64283d5b-3a0d-411a-aeea-b8e9afe081d7/channels?session_id=8b9e8b4f-9a58-441c-91b0-e3830873e4a2&token=52432f820acd1550e005cccac8ea9a49a229806e461eb8d4 (127.0.0.1): Kernel does not exist: 64283d5b-3a0d-411a-aeea-b8e9afe081d7
[W 08:58:06.551 LabApp] 404 GET /api/kernels/64283d5b-3a0d-411a-aeea-b8e9afe081d7/channels?session_id=8b9e8b4f-9a58-441c-91b0-e3830873e4a2&token=52432f820acd1550e005cccac8ea9a49a229806e461eb8d4 (127.0.0.1) 35.16ms referer=None
[W 08:58:06.895 LabApp] 404 GET /api/kernels/488bf029-1b61-4d42-ab6f-c65453d613a0/channels?session_id=322d2a26-c146-4575-ab62-771843f2c027&token=52432f820acd1550e005cccac8ea9a49a229806e461eb8d4 (127.0.0.1): Kernel does not exist: 488bf029-1b61-4d42-ab6f-c65453d613a0
[W 08:58:06.896 LabApp] 404 GET /api/kernels/488bf029-1b61-4d42-ab6f-c65453d613a0/channels?session_id=322d2a26-c146-4575-ab62-771843f2c027&token=52432f820acd1550e005cccac8ea9a49a229806e461eb8d4 (127.0.0.1) 3.16ms referer=None
[I 08:58:07.508 LabApp] 302 GET /?token=9692bf334059d605c875cca10f03ba2c979ceff2b3f4bff3 (127.0.0.1) 0.62ms
[I 08:58:21.507 LabApp] Node v10.13.0
    
[I 08:58:21.568 LabApp] Build is up to date
[I 08:58:23.739 LabApp] Kernel started: d733ee3a-26e3-4907-b883-3620d53d36fe
[I 08:58:23.789 LabApp] Kernel started: b7137cf4-90fd-4650-8bda-11872c94bcd6
[I 08:58:23.801 LabApp] Kernel started: 05218bdb-f499-4306-ae8a-637324152896
[I 08:58:24.654 LabApp] Adapting to protocol v5.1 for kernel d733ee3a-26e3-4907-b883-3620d53d36fe
[I 08:58:24.655 LabApp] Adapting to protocol v5.1 for kernel d733ee3a-26e3-4907-b883-3620d53d36fe
[I 08:58:24.655 LabApp] Adapting to protocol v5.1 for kernel b7137cf4-90fd-4650-8bda-11872c94bcd6
[I 08:58:24.656 LabApp] Adapting to protocol v5.1 for kernel b7137cf4-90fd-4650-8bda-11872c94bcd6
[I 08:58:24.934 LabApp] Adapting to protocol v5.1 for kernel 05218bdb-f499-4306-ae8a-637324152896
[I 08:58:24.934 LabApp] Adapting to protocol v5.1 for kernel 05218bdb-f499-4306-ae8a-637324152896
[I 08:58:28.331 LabApp] Saving file at /resnet18-fastai.ipynb
[I 08:58:29.737 LabApp] Saving file at /resnet18-fastai.ipynb
[I 08:58:33.420 LabApp] Saving file at /resnet18-fastai.ipynb
[I 08:58:55.182 LabApp] Kernel shutdown: b7137cf4-90fd-4650-8bda-11872c94bcd6
[I 08:58:57.630 LabApp] Kernel shutdown: d733ee3a-26e3-4907-b883-3620d53d36fe
[I 08:59:03.801 LabApp] Kernel shutdown: 05218bdb-f499-4306-ae8a-637324152896
[I 08:59:07.052 LabApp] Saving file at /resnet34-fastai.ipynb
[I 08:59:25.685 LabApp] Saving file at /resnet34-fastai.ipynb
[I 08:59:25.859 LabApp] Saving file at /resnet34-fastai.ipynb
[I 08:59:26.473 LabApp] Saving file at /resnet34-fastai.ipynb
[I 08:59:30.143 LabApp] Saving file at /resnet18-fastai.ipynb
[I 08:59:30.365 LabApp] Saving file at /resnet18-fastai.ipynb
[I 08:59:30.539 LabApp] Saving file at /resnet18-fastai.ipynb
