nohup: ignoring input
train_log/resnet18-fastai/040.28-03-2019-12-25

Note for version 40 model resnet18-fastai:
Train for a long time

ImageDataBunch;

Train: LabelList (73220 items)
x: ImageList
Image (3, 48, 48),Image (3, 48, 48),Image (3, 48, 48),Image (3, 48, 48),Image (3, 48, 48)
y: CategoryList
angry,angry,angry,angry,angry
Path: /home/qnkhuat/data/emotion_compilation_split;

Valid: LabelList (12985 items)
x: ImageList
Image (3, 48, 48),Image (3, 48, 48),Image (3, 48, 48),Image (3, 48, 48),Image (3, 48, 48)
y: CategoryList
angry,angry,angry,angry,angry
Path: /home/qnkhuat/data/emotion_compilation_split;

Test: LabelList (9673 items)
x: ImageList
Image (3, 48, 48),Image (3, 48, 48),Image (3, 48, 48),Image (3, 48, 48),Image (3, 48, 48)
y: EmptyLabelList
,,,,
Path: /home/qnkhuat/data/emotion_compilation_split
epoch     train_loss  valid_loss  accuracy  time    
0         1.090270    1.161337    0.561032  08:29     
1         1.019079    1.105695    0.593300  08:50     
2         0.993290    1.131546    0.586677  09:07     
3         0.940848    1.001808    0.641895  09:11     
4         0.897405    1.028071    0.669388  09:00     
5         0.851456    0.884870    0.687255  08:53     
6         0.825881    0.941277    0.685175  08:44     
7         0.809207    0.845413    0.705352  08:50     
8         0.770179    0.835775    0.708818  08:52     
9         0.763965    0.815171    0.711667  08:51     
10        0.750059    0.835726    0.712052  08:54     
11        0.755593    0.818617    0.713670  08:58     
Total time: 1:46:45
epoch     train_loss  valid_loss  accuracy  time    
0         0.602899    0.611721    0.778129  08:50     
1         0.570017    0.628498    0.785753  08:47     
2         0.538825    0.551582    0.801540  08:47     
3         0.515571    0.546551    0.802541  08:50     
4         0.502653    0.531397    0.809781  08:56     
5         0.488204    0.511549    0.815248  08:57     
6         0.477013    0.491996    0.822641  09:02     
7         0.462834    0.495205    0.819946  08:50     
8         0.457149    0.478457    0.828417  08:51     
9         0.447850    0.464269    0.835965  09:04     
10        0.441947    0.479689    0.825029  08:48     
11        0.424877    0.470433    0.830189  08:53     
12        0.424288    0.472827    0.830959  08:53     
13        0.416851    0.485182    0.824875  08:47     
14        0.409528    0.466799    0.831729  08:52     
Total time: 2:13:15
epoch     train_loss  valid_loss  accuracy  time    
0         0.383629    0.462828    0.833962  08:59     
1         0.379075    0.447680    0.841278  08:48     
2         0.367540    0.448222    0.841817  09:02     
3         0.363187    0.448301    0.840354  08:47     
4         0.357930    0.448259    0.840046  08:49     
5         0.348379    0.450142    0.840970  08:58     
6         0.343924    0.446614    0.842819  08:48     
7         0.348784    0.446192    0.842588  09:01     
8         0.352126    0.448547    0.841278  08:57     
Total time: 1:20:13
Total time: 08:02
Done round 1
84.69002842903137
Start Round 2
epoch     train_loss  valid_loss  accuracy  time    
0         0.540884    0.523788    0.813323  09:10     
1         0.473380    0.494736    0.820177  09:28     
2         0.458555    0.494238    0.830420  09:26     
3         0.445242    0.449284    0.837120  09:21     
4         0.425244    0.425004    0.848672  09:30     
5         0.400633    0.437371    0.845283  09:38     
6         0.383056    0.422743    0.851136  09:34     
7         0.363584    0.399939    0.854678  09:32     
8         0.337780    0.390828    0.861610  09:36     
9         0.317309    0.387276    0.864459  09:30     
10        0.302744    0.387019    0.862688  09:25     
11        0.297439    0.386025    0.863920  09:30     
Total time: 1:53:44
epoch     train_loss  valid_loss  accuracy  time    
0         0.331594    0.423623    0.851059  09:47     
1         0.334313    0.442899    0.848826  09:40     
2         0.330551    0.411294    0.857682  09:38     
3         0.316386    0.436563    0.858914  09:28     
4         0.313263    0.408691    0.860223  09:40     
5         0.296650    0.410392    0.862380  09:39     
6         0.295339    0.426222    0.855526  09:29     
7         0.283578    0.424966    0.859992  09:28     
8         0.282050    0.418303    0.859607  09:33     
9         0.279438    0.435178    0.853754  09:58     
10        0.271587    0.431149    0.854755  09:30     
11        0.261887    0.448445    0.859684  09:42     
12        0.261435    0.465480    0.854755  09:31     
13        0.252717    0.445812    0.858529  09:43     
14        0.244962    0.455176    0.854678  09:33     
Total time: 2:24:28
epoch     train_loss  valid_loss  accuracy  time    
0         0.213062    0.437335    0.862534  09:33     
1         0.211010    0.442741    0.864536  09:31     
2         0.200768    0.452023    0.862688  09:35     
3         0.193370    0.462145    0.864690  09:35     
4         0.186717    0.467738    0.863920  09:36     
5         0.185446    0.477764    0.860839  09:32     
6         0.180951    0.480772    0.862149  09:38     
7         0.180244    0.481014    0.861610  09:30     
8         0.185366    0.481929    0.860685  09:35     
Total time: 1:26:08
Total time: 09:16
Done round 2
87.08509802818298
Total time 41081.5328438282
