nohup: ignoring input
train_log/resnet18-fastai/030.27-03-2019-16-19

Note for version 30 model resnet18-fastai:
Train for a long time

ImageDataBunch;

Train: LabelList (73220 items)
x: ImageList
Image (3, 48, 48),Image (3, 48, 48),Image (3, 48, 48),Image (3, 48, 48),Image (3, 48, 48)
y: CategoryList
angry,angry,angry,angry,angry
Path: /home/qnkhuat/data/emotion_compilation_split;

Valid: LabelList (12985 items)
x: ImageList
Image (3, 48, 48),Image (3, 48, 48),Image (3, 48, 48),Image (3, 48, 48),Image (3, 48, 48)
y: CategoryList
angry,angry,angry,angry,angry
Path: /home/qnkhuat/data/emotion_compilation_split;

Test: LabelList (9673 items)
x: ImageList
Image (3, 48, 48),Image (3, 48, 48),Image (3, 48, 48),Image (3, 48, 48),Image (3, 48, 48)
y: EmptyLabelList
,,,,
Path: /home/qnkhuat/data/emotion_compilation_split
epoch     train_loss  valid_loss  accuracy  time    
0         1.076553    1.171225    0.562110  04:36     
1         1.015597    1.145830    0.595148  04:39     
2         0.992414    1.125558    0.626800  04:44     
3         0.931390    0.981694    0.644359  04:41     
4         0.888143    0.924294    0.678167  04:43     
5         0.860360    0.944720    0.685021  04:45     
6         0.818234    0.874023    0.692183  04:43     
7         0.792232    0.840142    0.703504  04:43     
8         0.777551    0.818115    0.706970  04:38     
9         0.764139    0.799218    0.708895  04:42     
10        0.743480    0.792332    0.711590  04:42     
11        0.741808    0.785671    0.712206  04:44     
Total time: 56:27
epoch     train_loss  valid_loss  accuracy  time    
0         0.614514    0.624134    0.774894  04:37     
1         0.560822    0.587354    0.789834  04:39     
2         0.539350    0.578859    0.793146  04:35     
3         0.510552    0.545298    0.799461  04:33     
4         0.488186    0.543332    0.798537  04:36     
5         0.480360    0.507051    0.816712  04:37     
6         0.466252    0.501153    0.818252  04:39     
7         0.461799    0.501216    0.819022  04:36     
8         0.449287    0.493254    0.822719  04:34     
9         0.443683    0.470716    0.831652  04:32     
10        0.430025    0.474199    0.831729  04:33     
11        0.430942    0.484397    0.827724  04:33     
12        0.422613    0.474408    0.827647  04:33     
13        0.404680    0.475423    0.828340  04:33     
14        0.419515    0.469310    0.833654  04:36     
Total time: 1:08:51
epoch     train_loss  valid_loss  accuracy  time    
0         0.373786    0.449800    0.837505  04:37     
1         0.364034    0.446788    0.840200  04:34     
2         0.357213    0.451232    0.840739  04:39     
3         0.353538    0.445928    0.841586  04:34     
4         0.349074    0.448055    0.840277  04:35     
5         0.349730    0.450055    0.841663  04:37     
6         0.348873    0.447510    0.842434  04:37     
7         0.348117    0.446680    0.842819  04:34     
8         0.350084    0.446941    0.842819  04:39     
Total time: 41:30
Total time: 04:22
Done round 1
84.53600406646729
Start Round 2
epoch     train_loss  valid_loss  accuracy  time    
0         0.547324    0.523668    0.809704  04:57     
1         0.478438    0.492358    0.823874  04:52     
2         0.465397    0.468336    0.832499  04:52     
3         0.449386    0.508400    0.819869  04:54     
4         0.428408    0.439532    0.838891  04:53     
5         0.408117    0.414464    0.845514  04:54     
6         0.380657    0.437391    0.843820  04:50     
7         0.360491    0.394347    0.857605  04:53     
8         0.341512    0.388737    0.860146  04:51     
9         0.317089    0.386859    0.862842  04:53     
10        0.302724    0.384396    0.862611  04:54     
11        0.295764    0.383677    0.863227  04:51     
Total time: 58:40
epoch     train_loss  valid_loss  accuracy  time    
0         0.334663    0.420329    0.850058  04:53     
1         0.342627    0.424718    0.848826  04:49     
2         0.335037    0.401824    0.858683  04:50     
3         0.324303    0.404776    0.858837  04:50     
4         0.307449    0.427251    0.849519  04:51     
5         0.299032    0.415115    0.858067  04:52     
6         0.288821    0.416946    0.855911  04:52     
7         0.292896    0.429709    0.856219  04:50     
8         0.279038    0.416554    0.860454  04:54     
9         0.277662    0.429638    0.859761  04:53     
10        0.266658    0.420533    0.860916  04:51     
11        0.270230    0.416070    0.861378  04:53     
12        0.252995    0.436550    0.855449  04:52     
13        0.251881    0.440329    0.857374  04:51     
14        0.247302    0.450297    0.857605  04:50     
Total time: 1:12:57
epoch     train_loss  valid_loss  accuracy  time    
0         0.219901    0.438428    0.860608  04:52     
1         0.203822    0.456036    0.859992  04:51     
2         0.198120    0.458911    0.860993  04:53     
3         0.193927    0.475200    0.861995  04:51     
4         0.189474    0.473332    0.860916  04:50     
5         0.185512    0.479086    0.862457  04:53     
6         0.183593    0.486209    0.857990  04:51     
7         0.179587    0.481387    0.861301  04:49     
8         0.180142    0.484775    0.860993  04:52     
Total time: 43:46
Total time: 04:43
Done round 2
86.49210333824158
